<?xml version="1.0" encoding="UTF-8"?>
<!-- Generated by org.testng.reporters.JUnitXMLReporter -->
<testsuite hostname="VITRAMYAK" name="Singapore Post CheckOutFlows" tests="6" failures="0" timestamp="8 Sep 2015 13:05:17 GMT" time="29.788" errors="0">
  <testcase name="@BeforeTest beforeTest" time="0.0" classname="com.specomm.adidas.executionflow.GuestCheckoutWithVisaCard">
    <failure type="org.openqa.selenium.NoSuchWindowException" message="Window not found. The browser window may have been closed.
Command duration or timeout: 360 milliseconds
Build info: version: &amp;apos;2.46.0&amp;apos;, revision: &amp;apos;87c69e2&amp;apos;, time: &amp;apos;2015-06-04 16:16:47&amp;apos;
System info: host: &amp;apos;VITRAMYAK&amp;apos;, ip: &amp;apos;192.168.21.104&amp;apos;, os.name: &amp;apos;Windows 7&amp;apos;, os.arch: &amp;apos;amd64&amp;apos;, os.version: &amp;apos;6.1&amp;apos;, java.version: &amp;apos;1.8.0_51&amp;apos;
Driver info: org.openqa.selenium.firefox.FirefoxDriver
Capabilities [{applicationCacheEnabled=true, rotatable=false, handlesAlerts=true, databaseEnabled=true, version=40.0.3, platform=WINDOWS, nativeEvents=false, acceptSslCerts=true, webStorageEnabled=true, locationContextEnabled=true, browserName=firefox, takesScreenshot=true, javascriptEnabled=true, cssSelectorsEnabled=true}]
Session ID: fc76f940-e2c6-4e84-a63e-8493ae3fd8bc">
      <![CDATA[org.openqa.selenium.NoSuchWindowException: Window not found. The browser window may have been closed.
Command duration or timeout: 360 milliseconds
Build info: version: '2.46.0', revision: '87c69e2', time: '2015-06-04 16:16:47'
System info: host: 'VITRAMYAK', ip: '192.168.21.104', os.name: 'Windows 7', os.arch: 'amd64', os.version: '6.1', java.version: '1.8.0_51'
Driver info: org.openqa.selenium.firefox.FirefoxDriver
Capabilities [{applicationCacheEnabled=true, rotatable=false, handlesAlerts=true, databaseEnabled=true, version=40.0.3, platform=WINDOWS, nativeEvents=false, acceptSslCerts=true, webStorageEnabled=true, locationContextEnabled=true, browserName=firefox, takesScreenshot=true, javascriptEnabled=true, cssSelectorsEnabled=true}]
Session ID: fc76f940-e2c6-4e84-a63e-8493ae3fd8bc
	at org.openqa.selenium.remote.ErrorHandler.createThrowable(ErrorHandler.java:204)
	at org.openqa.selenium.remote.ErrorHandler.throwIfResponseFailed(ErrorHandler.java:156)
	at org.openqa.selenium.remote.RemoteWebDriver.execute(RemoteWebDriver.java:605)
	at org.openqa.selenium.firefox.FirefoxDriver.access$0(FirefoxDriver.java:1)
	at org.openqa.selenium.firefox.FirefoxDriver$1$1.implicitlyWait(FirefoxDriver.java:248)
	at com.specomm.adidas.common.utils.ReusableActions.openUrl(ReusableActions.java:383)
	at com.specomm.adidas.executionflow.LoginCheckoutWithVisaCard.beforeTest(LoginCheckoutWithVisaCard.java:53)
Caused by: org.openqa.selenium.NoSuchWindowException: Window not found. The browser window may have been closed.
Build info: version: '2.46.0', revision: '87c69e2', time: '2015-06-04 16:16:47'
System info: host: 'VITRAMYAK', ip: '192.168.21.104', os.name: 'Windows 7', os.arch: 'amd64', os.version: '6.1', java.version: '1.8.0_51'
Driver info: driver.version: unknown
	at <anonymous class>.nsCommandProcessor.prototype.execute(file:///C:/Users/v-ramya.k/AppData/Local/Temp/anonymous2317928689543029291webdriver-profile/extensions/fxdriver@googlecode.com/components/command-processor.js:12350)
	at <anonymous class>.Dispatcher.executeAs/<(file:///C:/Users/v-ramya.k/AppData/Local/Temp/anonymous2317928689543029291webdriver-profile/extensions/fxdriver@googlecode.com/components/driver-component.js:9089)
	at <anonymous class>.Resource.prototype.handle(file:///C:/Users/v-ramya.k/AppData/Local/Temp/anonymous2317928689543029291webdriver-profile/extensions/fxdriver@googlecode.com/components/driver-component.js:9236)
	at <anonymous class>.Dispatcher.prototype.dispatch(file:///C:/Users/v-ramya.k/AppData/Local/Temp/anonymous2317928689543029291webdriver-profile/extensions/fxdriver@googlecode.com/components/driver-component.js:9183)
	at <anonymous class>.WebDriverServer/<.handle(file:///C:/Users/v-ramya.k/AppData/Local/Temp/anonymous2317928689543029291webdriver-profile/extensions/fxdriver@googlecode.com/components/driver-component.js:12136)
	at <anonymous class>.createHandlerFunc/<(file:///C:/Users/v-ramya.k/AppData/Local/Temp/anonymous2317928689543029291webdriver-profile/extensions/fxdriver@googlecode.com/components/httpd.js:2054)
	at <anonymous class>.ServerHandler.prototype.handleResponse(file:///C:/Users/v-ramya.k/AppData/Local/Temp/anonymous2317928689543029291webdriver-profile/extensions/fxdriver@googlecode.com/components/httpd.js:2387)
	at <anonymous class>.Connection.prototype.process(file:///C:/Users/v-ramya.k/AppData/Local/Temp/anonymous2317928689543029291webdriver-profile/extensions/fxdriver@googlecode.com/components/httpd.js:1223)
	at <anonymous class>.RequestReader.prototype._handleResponse(file:///C:/Users/v-ramya.k/AppData/Local/Temp/anonymous2317928689543029291webdriver-profile/extensions/fxdriver@googlecode.com/components/httpd.js:1677)
	at <anonymous class>.RequestReader.prototype._processBody(file:///C:/Users/v-ramya.k/AppData/Local/Temp/anonymous2317928689543029291webdriver-profile/extensions/fxdriver@googlecode.com/components/httpd.js:1525)
	at <anonymous class>.RequestReader.prototype.onInputStreamReady(file:///C:/Users/v-ramya.k/AppData/Local/Temp/anonymous2317928689543029291webdriver-profile/extensions/fxdriver@googlecode.com/components/httpd.js:1393)
... Removed 26 stack frames]]>
    </failure>
  </testcase> <!-- @BeforeTest beforeTest -->
  <testcase name="checkoutAsloginUser" time="0.001" classname="com.specomm.adidas.executionflow.LoginCheckoutWithVisaCard">
    <skipped/>
  </testcase> <!-- checkoutAsloginUser -->
  <testcase name="shipDetails" time="0.001" classname="com.specomm.adidas.executionflow.LoginCheckoutWithVisaCard">
    <skipped/>
  </testcase> <!-- shipDetails -->
  <testcase name="PaymentDetails" time="0.003" classname="com.specomm.adidas.executionflow.LoginCheckoutWithVisaCard">
    <skipped/>
  </testcase> <!-- PaymentDetails -->
  <testcase name="checkoutAsGuestUser" time="0.003" classname="com.specomm.adidas.executionflow.GuestCheckoutWithVisaCard">
    <skipped/>
  </testcase> <!-- checkoutAsGuestUser -->
  <testcase name="shipDetails" time="0.001" classname="com.specomm.adidas.executionflow.GuestCheckoutWithVisaCard">
    <skipped/>
  </testcase> <!-- shipDetails -->
  <testcase name="PaymentDetails" time="0.0" classname="com.specomm.adidas.executionflow.GuestCheckoutWithVisaCard">
    <skipped/>
  </testcase> <!-- PaymentDetails -->
</testsuite> <!-- Singapore Post CheckOutFlows -->
