<html>
<head>
<title>TestNG:  Adidas-sg TestCases</title>
<link href="../testng.css" rel="stylesheet" type="text/css" />
<link href="../my-testng.css" rel="stylesheet" type="text/css" />

<style type="text/css">
.log { display: none;} 
.stack-trace { display: none;} 
</style>
<script type="text/javascript">
<!--
function flip(e) {
  current = e.style.display;
  if (current == 'block') {
    e.style.display = 'none';
    return 0;
  }
  else {
    e.style.display = 'block';
    return 1;
  }
}

function toggleBox(szDivId, elem, msg1, msg2)
{
  var res = -1;  if (document.getElementById) {
    res = flip(document.getElementById(szDivId));
  }
  else if (document.all) {
    // this is the way old msie versions work
    res = flip(document.all[szDivId]);
  }
  if(elem) {
    if(res == 0) elem.innerHTML = msg1; else elem.innerHTML = msg2;
  }

}

function toggleAllBoxes() {
  if (document.getElementsByTagName) {
    d = document.getElementsByTagName('div');
    for (i = 0; i < d.length; i++) {
      if (d[i].className == 'log') {
        flip(d[i]);
      }
    }
  }
}

// -->
</script>

</head>
<body>
<h2 align='center'>Adidas-sg TestCases</h2><table border='1' align="center">
<tr>
<td>Tests passed/Failed/Skipped:</td><td>6/5/0</td>
</tr><tr>
<td>Started on:</td><td>Sat Dec 10 12:55:46 IST 2016</td>
</tr>
<tr><td>Total time:</td><td>281 seconds (281814 ms)</td>
</tr><tr>
<td>Included groups:</td><td></td>
</tr><tr>
<td>Excluded groups:</td><td></td>
</tr>
</table><p/>
<small><i>(Hover the method name to see the test class name)</i></small><p/>
<table width='100%' border='1' class='invocation-failed'>
<tr><td colspan='4' align='center'><b>FAILED TESTS</b></td></tr>
<tr><td><b>Test method</b></td>
<td width="30%"><b>Exception</b></td>
<td width="10%"><b>Time (seconds)</b></td>
<td><b>Instance</b></td>
</tr>
<tr>
<td title='com.specomm.adidas.accountcreation.NewAccountCreationFlow.userCreation()'><b>userCreation</b><br>Test class: com.specomm.adidas.accountcreation.NewAccountCreationFlow<br>Parameters: Sandhya, Mahendra, 19, Nov, 1986, ramya25@mailinator.com, Test$123, Test$123<br/>
<a href="#Output-552674617" onClick='toggleBox("Output-552674617", this, "Show output", "Hide output");'>Show output</a>

<a href="#Output-552674617" onClick="toggleAllBoxes();">Show all outputs</a>
<div class='log' id="Output-552674617">
***** Error userCreation test has failed *****<br/>
Test Name : userCreation<br/>
</div>
</td>
<td><div><pre>java.lang.AssertionError: expected [Create New Customer Account] but found [Customer Login]
	at com.specomm.adidas.pagecomponents.NewAccountCreationPage.enterNewAccountDetails(NewAccountCreationPage.java:84)
	at com.specomm.adidas.accountcreation.NewAccountCreationFlow.userCreation(NewAccountCreationFlow.java:51)
... Removed 31 stack frames</pre></div><a href='#' onClick='toggleBox("stack-trace552674617", this, "Click to show all stack frames", "Click to hide stack frames")'>Click to show all stack frames</a>
<div class='stack-trace' id='stack-trace552674617'><pre>java.lang.AssertionError: expected [Create New Customer Account] but found [Customer Login]
	at org.testng.Assert.fail(Assert.java:94)
	at org.testng.Assert.failNotEquals(Assert.java:513)
	at org.testng.Assert.assertEqualsImpl(Assert.java:135)
	at org.testng.Assert.assertEquals(Assert.java:116)
	at org.testng.Assert.assertEquals(Assert.java:190)
	at org.testng.Assert.assertEquals(Assert.java:200)
	at com.specomm.adidas.pagecomponents.NewAccountCreationPage.enterNewAccountDetails(NewAccountCreationPage.java:84)
	at com.specomm.adidas.accountcreation.NewAccountCreationFlow.userCreation(NewAccountCreationFlow.java:51)
	at sun.reflect.NativeMethodAccessorImpl.invoke0(Native Method)
	at sun.reflect.NativeMethodAccessorImpl.invoke(Unknown Source)
	at sun.reflect.DelegatingMethodAccessorImpl.invoke(Unknown Source)
	at java.lang.reflect.Method.invoke(Unknown Source)
	at org.testng.internal.MethodInvocationHelper.invokeMethod(MethodInvocationHelper.java:86)
	at org.testng.internal.Invoker.invokeMethod(Invoker.java:646)
	at org.testng.internal.Invoker.invokeTestMethod(Invoker.java:823)
	at org.testng.internal.Invoker.invokeTestMethods(Invoker.java:1131)
	at org.testng.internal.TestMethodWorker.invokeTestMethods(TestMethodWorker.java:129)
	at org.testng.internal.TestMethodWorker.run(TestMethodWorker.java:112)
	at org.testng.TestRunner.privateRun(TestRunner.java:778)
	at org.testng.TestRunner.run(TestRunner.java:632)
	at org.testng.SuiteRunner.runTest(SuiteRunner.java:366)
	at org.testng.SuiteRunner.runSequentially(SuiteRunner.java:361)
	at org.testng.SuiteRunner.privateRun(SuiteRunner.java:319)
	at org.testng.SuiteRunner.run(SuiteRunner.java:268)
	at org.testng.SuiteRunnerWorker.runSuite(SuiteRunnerWorker.java:52)
	at org.testng.SuiteRunnerWorker.run(SuiteRunnerWorker.java:86)
	at org.testng.TestNG.runSuitesSequentially(TestNG.java:1225)
	at org.testng.TestNG.runSuitesLocally(TestNG.java:1150)
	at org.testng.TestNG.runSuites(TestNG.java:1075)
	at org.testng.TestNG.run(TestNG.java:1047)
	at org.testng.remote.AbstractRemoteTestNG.run(AbstractRemoteTestNG.java:126)
	at org.testng.remote.RemoteTestNG.initAndRun(RemoteTestNG.java:137)
	at org.testng.remote.RemoteTestNG.main(RemoteTestNG.java:58)
</pre></div></td>
<td>5</td>
<td>com.specomm.adidas.accountcreation.NewAccountCreationFlow@34f5090e</td></tr>
<tr>
<td title='com.specomm.adidas.accountcreation.NewAccountCreationFlow.userCreation()'><b>userCreation</b><br>Test class: com.specomm.adidas.accountcreation.NewAccountCreationFlow<br>Parameters: , , , , , , , <br/>
<a href="#Output-632475595" onClick='toggleBox("Output-632475595", this, "Show output", "Hide output");'>Show output</a>

<a href="#Output-632475595" onClick="toggleAllBoxes();">Show all outputs</a>
<div class='log' id="Output-632475595">
***** Error userCreation test has failed *****<br/>
Test Name : userCreation<br/>
</div>
</td>
<td><div><pre>java.lang.AssertionError: expected [Create New Customer Account] but found [Customer Login]
	at com.specomm.adidas.pagecomponents.NewAccountCreationPage.enterNewAccountDetails(NewAccountCreationPage.java:84)
	at com.specomm.adidas.accountcreation.NewAccountCreationFlow.userCreation(NewAccountCreationFlow.java:51)
... Removed 31 stack frames</pre></div><a href='#' onClick='toggleBox("stack-trace632475595", this, "Click to show all stack frames", "Click to hide stack frames")'>Click to show all stack frames</a>
<div class='stack-trace' id='stack-trace632475595'><pre>java.lang.AssertionError: expected [Create New Customer Account] but found [Customer Login]
	at org.testng.Assert.fail(Assert.java:94)
	at org.testng.Assert.failNotEquals(Assert.java:513)
	at org.testng.Assert.assertEqualsImpl(Assert.java:135)
	at org.testng.Assert.assertEquals(Assert.java:116)
	at org.testng.Assert.assertEquals(Assert.java:190)
	at org.testng.Assert.assertEquals(Assert.java:200)
	at com.specomm.adidas.pagecomponents.NewAccountCreationPage.enterNewAccountDetails(NewAccountCreationPage.java:84)
	at com.specomm.adidas.accountcreation.NewAccountCreationFlow.userCreation(NewAccountCreationFlow.java:51)
	at sun.reflect.NativeMethodAccessorImpl.invoke0(Native Method)
	at sun.reflect.NativeMethodAccessorImpl.invoke(Unknown Source)
	at sun.reflect.DelegatingMethodAccessorImpl.invoke(Unknown Source)
	at java.lang.reflect.Method.invoke(Unknown Source)
	at org.testng.internal.MethodInvocationHelper.invokeMethod(MethodInvocationHelper.java:86)
	at org.testng.internal.Invoker.invokeMethod(Invoker.java:646)
	at org.testng.internal.Invoker.invokeTestMethod(Invoker.java:823)
	at org.testng.internal.Invoker.invokeTestMethods(Invoker.java:1131)
	at org.testng.internal.TestMethodWorker.invokeTestMethods(TestMethodWorker.java:129)
	at org.testng.internal.TestMethodWorker.run(TestMethodWorker.java:112)
	at org.testng.TestRunner.privateRun(TestRunner.java:778)
	at org.testng.TestRunner.run(TestRunner.java:632)
	at org.testng.SuiteRunner.runTest(SuiteRunner.java:366)
	at org.testng.SuiteRunner.runSequentially(SuiteRunner.java:361)
	at org.testng.SuiteRunner.privateRun(SuiteRunner.java:319)
	at org.testng.SuiteRunner.run(SuiteRunner.java:268)
	at org.testng.SuiteRunnerWorker.runSuite(SuiteRunnerWorker.java:52)
	at org.testng.SuiteRunnerWorker.run(SuiteRunnerWorker.java:86)
	at org.testng.TestNG.runSuitesSequentially(TestNG.java:1225)
	at org.testng.TestNG.runSuitesLocally(TestNG.java:1150)
	at org.testng.TestNG.runSuites(TestNG.java:1075)
	at org.testng.TestNG.run(TestNG.java:1047)
	at org.testng.remote.AbstractRemoteTestNG.run(AbstractRemoteTestNG.java:126)
	at org.testng.remote.RemoteTestNG.initAndRun(RemoteTestNG.java:137)
	at org.testng.remote.RemoteTestNG.main(RemoteTestNG.java:58)
</pre></div></td>
<td>4</td>
<td>com.specomm.adidas.accountcreation.NewAccountCreationFlow@34f5090e</td></tr>
<tr>
<td title='com.specomm.adidas.accountcreation.NewAccountCreationFlow.userCreation()'><b>userCreation</b><br>Test class: com.specomm.adidas.accountcreation.NewAccountCreationFlow<br>Parameters: , , , , , , , <br/>
<a href="#Output-727197178" onClick='toggleBox("Output-727197178", this, "Show output", "Hide output");'>Show output</a>

<a href="#Output-727197178" onClick="toggleAllBoxes();">Show all outputs</a>
<div class='log' id="Output-727197178">
***** Error userCreation test has failed *****<br/>
Test Name : userCreation<br/>
</div>
</td>
<td><div><pre>java.lang.AssertionError: expected [Create New Customer Account] but found [Customer Login]
	at com.specomm.adidas.pagecomponents.NewAccountCreationPage.enterNewAccountDetails(NewAccountCreationPage.java:84)
	at com.specomm.adidas.accountcreation.NewAccountCreationFlow.userCreation(NewAccountCreationFlow.java:51)
... Removed 31 stack frames</pre></div><a href='#' onClick='toggleBox("stack-trace727197178", this, "Click to show all stack frames", "Click to hide stack frames")'>Click to show all stack frames</a>
<div class='stack-trace' id='stack-trace727197178'><pre>java.lang.AssertionError: expected [Create New Customer Account] but found [Customer Login]
	at org.testng.Assert.fail(Assert.java:94)
	at org.testng.Assert.failNotEquals(Assert.java:513)
	at org.testng.Assert.assertEqualsImpl(Assert.java:135)
	at org.testng.Assert.assertEquals(Assert.java:116)
	at org.testng.Assert.assertEquals(Assert.java:190)
	at org.testng.Assert.assertEquals(Assert.java:200)
	at com.specomm.adidas.pagecomponents.NewAccountCreationPage.enterNewAccountDetails(NewAccountCreationPage.java:84)
	at com.specomm.adidas.accountcreation.NewAccountCreationFlow.userCreation(NewAccountCreationFlow.java:51)
	at sun.reflect.NativeMethodAccessorImpl.invoke0(Native Method)
	at sun.reflect.NativeMethodAccessorImpl.invoke(Unknown Source)
	at sun.reflect.DelegatingMethodAccessorImpl.invoke(Unknown Source)
	at java.lang.reflect.Method.invoke(Unknown Source)
	at org.testng.internal.MethodInvocationHelper.invokeMethod(MethodInvocationHelper.java:86)
	at org.testng.internal.Invoker.invokeMethod(Invoker.java:646)
	at org.testng.internal.Invoker.invokeTestMethod(Invoker.java:823)
	at org.testng.internal.Invoker.invokeTestMethods(Invoker.java:1131)
	at org.testng.internal.TestMethodWorker.invokeTestMethods(TestMethodWorker.java:129)
	at org.testng.internal.TestMethodWorker.run(TestMethodWorker.java:112)
	at org.testng.TestRunner.privateRun(TestRunner.java:778)
	at org.testng.TestRunner.run(TestRunner.java:632)
	at org.testng.SuiteRunner.runTest(SuiteRunner.java:366)
	at org.testng.SuiteRunner.runSequentially(SuiteRunner.java:361)
	at org.testng.SuiteRunner.privateRun(SuiteRunner.java:319)
	at org.testng.SuiteRunner.run(SuiteRunner.java:268)
	at org.testng.SuiteRunnerWorker.runSuite(SuiteRunnerWorker.java:52)
	at org.testng.SuiteRunnerWorker.run(SuiteRunnerWorker.java:86)
	at org.testng.TestNG.runSuitesSequentially(TestNG.java:1225)
	at org.testng.TestNG.runSuitesLocally(TestNG.java:1150)
	at org.testng.TestNG.runSuites(TestNG.java:1075)
	at org.testng.TestNG.run(TestNG.java:1047)
	at org.testng.remote.AbstractRemoteTestNG.run(AbstractRemoteTestNG.java:126)
	at org.testng.remote.RemoteTestNG.initAndRun(RemoteTestNG.java:137)
	at org.testng.remote.RemoteTestNG.main(RemoteTestNG.java:58)
</pre></div></td>
<td>0</td>
<td>com.specomm.adidas.accountcreation.NewAccountCreationFlow@34f5090e</td></tr>
<tr>
<td title='com.specomm.adidas.accountcreation.NewAccountCreationFlow.userCreation()'><b>userCreation</b><br>Test class: com.specomm.adidas.accountcreation.NewAccountCreationFlow<br>Parameters: , , , , , , , <br/>
<a href="#Output-26928827" onClick='toggleBox("Output-26928827", this, "Show output", "Hide output");'>Show output</a>

<a href="#Output-26928827" onClick="toggleAllBoxes();">Show all outputs</a>
<div class='log' id="Output-26928827">
***** Error userCreation test has failed *****<br/>
Test Name : userCreation<br/>
</div>
</td>
<td><div><pre>java.lang.AssertionError: expected [Create New Customer Account] but found [Customer Login]
	at com.specomm.adidas.pagecomponents.NewAccountCreationPage.enterNewAccountDetails(NewAccountCreationPage.java:84)
	at com.specomm.adidas.accountcreation.NewAccountCreationFlow.userCreation(NewAccountCreationFlow.java:51)
... Removed 31 stack frames</pre></div><a href='#' onClick='toggleBox("stack-trace26928827", this, "Click to show all stack frames", "Click to hide stack frames")'>Click to show all stack frames</a>
<div class='stack-trace' id='stack-trace26928827'><pre>java.lang.AssertionError: expected [Create New Customer Account] but found [Customer Login]
	at org.testng.Assert.fail(Assert.java:94)
	at org.testng.Assert.failNotEquals(Assert.java:513)
	at org.testng.Assert.assertEqualsImpl(Assert.java:135)
	at org.testng.Assert.assertEquals(Assert.java:116)
	at org.testng.Assert.assertEquals(Assert.java:190)
	at org.testng.Assert.assertEquals(Assert.java:200)
	at com.specomm.adidas.pagecomponents.NewAccountCreationPage.enterNewAccountDetails(NewAccountCreationPage.java:84)
	at com.specomm.adidas.accountcreation.NewAccountCreationFlow.userCreation(NewAccountCreationFlow.java:51)
	at sun.reflect.NativeMethodAccessorImpl.invoke0(Native Method)
	at sun.reflect.NativeMethodAccessorImpl.invoke(Unknown Source)
	at sun.reflect.DelegatingMethodAccessorImpl.invoke(Unknown Source)
	at java.lang.reflect.Method.invoke(Unknown Source)
	at org.testng.internal.MethodInvocationHelper.invokeMethod(MethodInvocationHelper.java:86)
	at org.testng.internal.Invoker.invokeMethod(Invoker.java:646)
	at org.testng.internal.Invoker.invokeTestMethod(Invoker.java:823)
	at org.testng.internal.Invoker.invokeTestMethods(Invoker.java:1131)
	at org.testng.internal.TestMethodWorker.invokeTestMethods(TestMethodWorker.java:129)
	at org.testng.internal.TestMethodWorker.run(TestMethodWorker.java:112)
	at org.testng.TestRunner.privateRun(TestRunner.java:778)
	at org.testng.TestRunner.run(TestRunner.java:632)
	at org.testng.SuiteRunner.runTest(SuiteRunner.java:366)
	at org.testng.SuiteRunner.runSequentially(SuiteRunner.java:361)
	at org.testng.SuiteRunner.privateRun(SuiteRunner.java:319)
	at org.testng.SuiteRunner.run(SuiteRunner.java:268)
	at org.testng.SuiteRunnerWorker.runSuite(SuiteRunnerWorker.java:52)
	at org.testng.SuiteRunnerWorker.run(SuiteRunnerWorker.java:86)
	at org.testng.TestNG.runSuitesSequentially(TestNG.java:1225)
	at org.testng.TestNG.runSuitesLocally(TestNG.java:1150)
	at org.testng.TestNG.runSuites(TestNG.java:1075)
	at org.testng.TestNG.run(TestNG.java:1047)
	at org.testng.remote.AbstractRemoteTestNG.run(AbstractRemoteTestNG.java:126)
	at org.testng.remote.RemoteTestNG.initAndRun(RemoteTestNG.java:137)
	at org.testng.remote.RemoteTestNG.main(RemoteTestNG.java:58)
</pre></div></td>
<td>0</td>
<td>com.specomm.adidas.accountcreation.NewAccountCreationFlow@34f5090e</td></tr>
<tr>
<td title='com.specomm.adidas.accountcreation.NewAccountCreationFlow.userCreation()'><b>userCreation</b><br>Test class: com.specomm.adidas.accountcreation.NewAccountCreationFlow<br>Parameters: , , , , , , , <br/>
<a href="#Output-1345265484" onClick='toggleBox("Output-1345265484", this, "Show output", "Hide output");'>Show output</a>

<a href="#Output-1345265484" onClick="toggleAllBoxes();">Show all outputs</a>
<div class='log' id="Output-1345265484">
***** Error userCreation test has failed *****<br/>
Test Name : userCreation<br/>
</div>
</td>
<td><div><pre>java.lang.AssertionError: expected [Create New Customer Account] but found [Customer Login]
	at com.specomm.adidas.pagecomponents.NewAccountCreationPage.enterNewAccountDetails(NewAccountCreationPage.java:84)
	at com.specomm.adidas.accountcreation.NewAccountCreationFlow.userCreation(NewAccountCreationFlow.java:51)
... Removed 31 stack frames</pre></div><a href='#' onClick='toggleBox("stack-trace1345265484", this, "Click to show all stack frames", "Click to hide stack frames")'>Click to show all stack frames</a>
<div class='stack-trace' id='stack-trace1345265484'><pre>java.lang.AssertionError: expected [Create New Customer Account] but found [Customer Login]
	at org.testng.Assert.fail(Assert.java:94)
	at org.testng.Assert.failNotEquals(Assert.java:513)
	at org.testng.Assert.assertEqualsImpl(Assert.java:135)
	at org.testng.Assert.assertEquals(Assert.java:116)
	at org.testng.Assert.assertEquals(Assert.java:190)
	at org.testng.Assert.assertEquals(Assert.java:200)
	at com.specomm.adidas.pagecomponents.NewAccountCreationPage.enterNewAccountDetails(NewAccountCreationPage.java:84)
	at com.specomm.adidas.accountcreation.NewAccountCreationFlow.userCreation(NewAccountCreationFlow.java:51)
	at sun.reflect.NativeMethodAccessorImpl.invoke0(Native Method)
	at sun.reflect.NativeMethodAccessorImpl.invoke(Unknown Source)
	at sun.reflect.DelegatingMethodAccessorImpl.invoke(Unknown Source)
	at java.lang.reflect.Method.invoke(Unknown Source)
	at org.testng.internal.MethodInvocationHelper.invokeMethod(MethodInvocationHelper.java:86)
	at org.testng.internal.Invoker.invokeMethod(Invoker.java:646)
	at org.testng.internal.Invoker.invokeTestMethod(Invoker.java:823)
	at org.testng.internal.Invoker.invokeTestMethods(Invoker.java:1131)
	at org.testng.internal.TestMethodWorker.invokeTestMethods(TestMethodWorker.java:129)
	at org.testng.internal.TestMethodWorker.run(TestMethodWorker.java:112)
	at org.testng.TestRunner.privateRun(TestRunner.java:778)
	at org.testng.TestRunner.run(TestRunner.java:632)
	at org.testng.SuiteRunner.runTest(SuiteRunner.java:366)
	at org.testng.SuiteRunner.runSequentially(SuiteRunner.java:361)
	at org.testng.SuiteRunner.privateRun(SuiteRunner.java:319)
	at org.testng.SuiteRunner.run(SuiteRunner.java:268)
	at org.testng.SuiteRunnerWorker.runSuite(SuiteRunnerWorker.java:52)
	at org.testng.SuiteRunnerWorker.run(SuiteRunnerWorker.java:86)
	at org.testng.TestNG.runSuitesSequentially(TestNG.java:1225)
	at org.testng.TestNG.runSuitesLocally(TestNG.java:1150)
	at org.testng.TestNG.runSuites(TestNG.java:1075)
	at org.testng.TestNG.run(TestNG.java:1047)
	at org.testng.remote.AbstractRemoteTestNG.run(AbstractRemoteTestNG.java:126)
	at org.testng.remote.RemoteTestNG.initAndRun(RemoteTestNG.java:137)
	at org.testng.remote.RemoteTestNG.main(RemoteTestNG.java:58)
</pre></div></td>
<td>0</td>
<td>com.specomm.adidas.accountcreation.NewAccountCreationFlow@34f5090e</td></tr>
</table><p>
<table width='100%' border='1' class='invocation-passed'>
<tr><td colspan='4' align='center'><b>PASSED TESTS</b></td></tr>
<tr><td><b>Test method</b></td>
<td width="30%"><b>Exception</b></td>
<td width="10%"><b>Time (seconds)</b></td>
<td><b>Instance</b></td>
</tr>
<tr>
<td title='com.specomm.adidas.accountcreation.NewAccountCreationFlow.userAccountInfo()'><b>userAccountInfo</b><br>Test class: com.specomm.adidas.accountcreation.NewAccountCreationFlow<br>Parameters: Sandhya, Mahendra, 19, Nov, 1986, ramya25@mailinator.com, Test$123, Test$123<br/>
<a href="#Output-1978504976" onClick='toggleBox("Output-1978504976", this, "Show output", "Hide output");'>Show output</a>

<a href="#Output-1978504976" onClick="toggleAllBoxes();">Show all outputs</a>
<div class='log' id="Output-1978504976">
Account information FirstName is not matching<br/>
Account information LastName is not matching<br/>
***** userAccountInfo test has Passed *****<br/>
Test Name : userAccountInfo<br/>
</div>
</td>
<td></td>
<td>20</td>
<td>com.specomm.adidas.accountcreation.NewAccountCreationFlow@34f5090e</td></tr>
<tr>
<td title='com.specomm.adidas.accountcreation.NewAccountCreationFlow.userAccountInfo()'><b>userAccountInfo</b><br>Test class: com.specomm.adidas.accountcreation.NewAccountCreationFlow<br>Parameters: , , , , , , , <br/>
<a href="#Output-957923719" onClick='toggleBox("Output-957923719", this, "Show output", "Hide output");'>Show output</a>

<a href="#Output-957923719" onClick="toggleAllBoxes();">Show all outputs</a>
<div class='log' id="Output-957923719">
***** userAccountInfo test has Passed *****<br/>
Test Name : userAccountInfo<br/>
</div>
</td>
<td></td>
<td>20</td>
<td>com.specomm.adidas.accountcreation.NewAccountCreationFlow@34f5090e</td></tr>
<tr>
<td title='com.specomm.adidas.accountcreation.NewAccountCreationFlow.userAccountInfo()'><b>userAccountInfo</b><br>Test class: com.specomm.adidas.accountcreation.NewAccountCreationFlow<br>Parameters: , , , , , , , <br/>
<a href="#Output-316335490" onClick='toggleBox("Output-316335490", this, "Show output", "Hide output");'>Show output</a>

<a href="#Output-316335490" onClick="toggleAllBoxes();">Show all outputs</a>
<div class='log' id="Output-316335490">
***** userAccountInfo test has Passed *****<br/>
Test Name : userAccountInfo<br/>
</div>
</td>
<td></td>
<td>20</td>
<td>com.specomm.adidas.accountcreation.NewAccountCreationFlow@34f5090e</td></tr>
<tr>
<td title='com.specomm.adidas.accountcreation.NewAccountCreationFlow.userAccountInfo()'><b>userAccountInfo</b><br>Test class: com.specomm.adidas.accountcreation.NewAccountCreationFlow<br>Parameters: , , , , , , , <br/>
<a href="#Output-1398260359" onClick='toggleBox("Output-1398260359", this, "Show output", "Hide output");'>Show output</a>

<a href="#Output-1398260359" onClick="toggleAllBoxes();">Show all outputs</a>
<div class='log' id="Output-1398260359">
***** userAccountInfo test has Passed *****<br/>
Test Name : userAccountInfo<br/>
</div>
</td>
<td></td>
<td>20</td>
<td>com.specomm.adidas.accountcreation.NewAccountCreationFlow@34f5090e</td></tr>
<tr>
<td title='com.specomm.adidas.accountcreation.NewAccountCreationFlow.userAccountInfo()'><b>userAccountInfo</b><br>Test class: com.specomm.adidas.accountcreation.NewAccountCreationFlow<br>Parameters: , , , , , , , <br/>
<a href="#Output-1660837991" onClick='toggleBox("Output-1660837991", this, "Show output", "Hide output");'>Show output</a>

<a href="#Output-1660837991" onClick="toggleAllBoxes();">Show all outputs</a>
<div class='log' id="Output-1660837991">
***** userAccountInfo test has Passed *****<br/>
Test Name : userAccountInfo<br/>
</div>
</td>
<td></td>
<td>20</td>
<td>com.specomm.adidas.accountcreation.NewAccountCreationFlow@34f5090e</td></tr>
<tr>
<td title='com.specomm.adidas.accountcreation.NewAccountCreationFlow.userLandingPage()'><b>userLandingPage</b><br>Test class: com.specomm.adidas.accountcreation.NewAccountCreationFlow<br/>
<a href="#Output-1372422140" onClick='toggleBox("Output-1372422140", this, "Show output", "Hide output");'>Show output</a>

<a href="#Output-1372422140" onClick="toggleAllBoxes();">Show all outputs</a>
<div class='log' id="Output-1372422140">
***** userLandingPage test has Passed *****<br/>
Test Name : userLandingPage<br/>
</div>
</td>
<td></td>
<td>10</td>
<td>com.specomm.adidas.accountcreation.NewAccountCreationFlow@34f5090e</td></tr>
</table><p>
</body>
</html>