<?xml version="1.0" encoding="UTF-8"?>
<!-- Generated by org.testng.reporters.JUnitXMLReporter -->
<testsuite hostname="ATRAMYAKP" name="Adidas-sg TestCases" tests="11" failures="5" timestamp="10 Dec 2016 07:30:28 GMT" time="281.814" errors="0">
  <testcase name="userCreation" time="5.459" classname="com.specomm.adidas.accountcreation.NewAccountCreationFlow">
    <failure type="java.lang.AssertionError" message="expected [Create New Customer Account] but found [Customer Login]">
      <![CDATA[java.lang.AssertionError: expected [Create New Customer Account] but found [Customer Login]
	at com.specomm.adidas.pagecomponents.NewAccountCreationPage.enterNewAccountDetails(NewAccountCreationPage.java:84)
	at com.specomm.adidas.accountcreation.NewAccountCreationFlow.userCreation(NewAccountCreationFlow.java:51)
... Removed 31 stack frames]]>
    </failure>
  </testcase> <!-- userCreation -->
  <testcase name="userCreation" time="4.002" classname="com.specomm.adidas.accountcreation.NewAccountCreationFlow">
    <failure type="java.lang.AssertionError" message="expected [Create New Customer Account] but found [Customer Login]">
      <![CDATA[java.lang.AssertionError: expected [Create New Customer Account] but found [Customer Login]
	at com.specomm.adidas.pagecomponents.NewAccountCreationPage.enterNewAccountDetails(NewAccountCreationPage.java:84)
	at com.specomm.adidas.accountcreation.NewAccountCreationFlow.userCreation(NewAccountCreationFlow.java:51)
... Removed 31 stack frames]]>
    </failure>
  </testcase> <!-- userCreation -->
  <testcase name="userCreation" time="0.602" classname="com.specomm.adidas.accountcreation.NewAccountCreationFlow">
    <failure type="java.lang.AssertionError" message="expected [Create New Customer Account] but found [Customer Login]">
      <![CDATA[java.lang.AssertionError: expected [Create New Customer Account] but found [Customer Login]
	at com.specomm.adidas.pagecomponents.NewAccountCreationPage.enterNewAccountDetails(NewAccountCreationPage.java:84)
	at com.specomm.adidas.accountcreation.NewAccountCreationFlow.userCreation(NewAccountCreationFlow.java:51)
... Removed 31 stack frames]]>
    </failure>
  </testcase> <!-- userCreation -->
  <testcase name="userCreation" time="0.608" classname="com.specomm.adidas.accountcreation.NewAccountCreationFlow">
    <failure type="java.lang.AssertionError" message="expected [Create New Customer Account] but found [Customer Login]">
      <![CDATA[java.lang.AssertionError: expected [Create New Customer Account] but found [Customer Login]
	at com.specomm.adidas.pagecomponents.NewAccountCreationPage.enterNewAccountDetails(NewAccountCreationPage.java:84)
	at com.specomm.adidas.accountcreation.NewAccountCreationFlow.userCreation(NewAccountCreationFlow.java:51)
... Removed 31 stack frames]]>
    </failure>
  </testcase> <!-- userCreation -->
  <testcase name="userCreation" time="0.565" classname="com.specomm.adidas.accountcreation.NewAccountCreationFlow">
    <failure type="java.lang.AssertionError" message="expected [Create New Customer Account] but found [Customer Login]">
      <![CDATA[java.lang.AssertionError: expected [Create New Customer Account] but found [Customer Login]
	at com.specomm.adidas.pagecomponents.NewAccountCreationPage.enterNewAccountDetails(NewAccountCreationPage.java:84)
	at com.specomm.adidas.accountcreation.NewAccountCreationFlow.userCreation(NewAccountCreationFlow.java:51)
... Removed 31 stack frames]]>
    </failure>
  </testcase> <!-- userCreation -->
  <testcase name="userLandingPage" time="10.081" classname="com.specomm.adidas.accountcreation.NewAccountCreationFlow"/>
  <testcase name="userAccountInfo" time="20.358" classname="com.specomm.adidas.accountcreation.NewAccountCreationFlow"/>
  <testcase name="userAccountInfo" time="20.399" classname="com.specomm.adidas.accountcreation.NewAccountCreationFlow"/>
  <testcase name="userAccountInfo" time="20.309" classname="com.specomm.adidas.accountcreation.NewAccountCreationFlow"/>
  <testcase name="userAccountInfo" time="20.423" classname="com.specomm.adidas.accountcreation.NewAccountCreationFlow"/>
  <testcase name="userAccountInfo" time="20.269" classname="com.specomm.adidas.accountcreation.NewAccountCreationFlow"/>
</testsuite> <!-- Adidas-sg TestCases -->
